d:\projects\developer\auto-leveler\auto-leveler-juce-export\introjucer\builds\visualstudio2019\x64\debug\shared code\include_juce_core.obj
d:\projects\developer\auto-leveler\auto-leveler-juce-export\introjucer\builds\visualstudio2019\x64\debug\shared code\include_juce_opengl.obj
d:\projects\developer\auto-leveler\auto-leveler-juce-export\introjucer\builds\visualstudio2019\x64\debug\shared code\genlib.obj
d:\projects\developer\auto-leveler\auto-leveler-juce-export\introjucer\builds\visualstudio2019\x64\debug\shared code\include_juce_events.obj
d:\projects\developer\auto-leveler\auto-leveler-juce-export\introjucer\builds\visualstudio2019\x64\debug\shared code\include_juce_gui_extra.obj
d:\projects\developer\auto-leveler\auto-leveler-juce-export\introjucer\builds\visualstudio2019\x64\debug\shared code\include_juce_audio_devices.obj
d:\projects\developer\auto-leveler\auto-leveler-juce-export\introjucer\builds\visualstudio2019\x64\debug\shared code\include_juce_audio_plugin_client_utils.obj
d:\projects\developer\auto-leveler\auto-leveler-juce-export\introjucer\builds\visualstudio2019\x64\debug\shared code\include_juce_audio_formats.obj
d:\projects\developer\auto-leveler\auto-leveler-juce-export\introjucer\builds\visualstudio2019\x64\debug\shared code\include_juce_data_structures.obj
d:\projects\developer\auto-leveler\auto-leveler-juce-export\introjucer\builds\visualstudio2019\x64\debug\shared code\include_juce_gui_basics.obj
d:\projects\developer\auto-leveler\auto-leveler-juce-export\introjucer\builds\visualstudio2019\x64\debug\shared code\include_juce_audio_processors.obj
d:\projects\developer\auto-leveler\auto-leveler-juce-export\introjucer\builds\visualstudio2019\x64\debug\shared code\plugingui.obj
d:\projects\developer\auto-leveler\auto-leveler-juce-export\introjucer\builds\visualstudio2019\x64\debug\shared code\include_juce_audio_basics.obj
d:\projects\developer\auto-leveler\auto-leveler-juce-export\introjucer\builds\visualstudio2019\x64\debug\shared code\include_juce_video.obj
d:\projects\developer\auto-leveler\auto-leveler-juce-export\introjucer\builds\visualstudio2019\x64\debug\shared code\include_juce_cryptography.obj
d:\projects\developer\auto-leveler\auto-leveler-juce-export\introjucer\builds\visualstudio2019\x64\debug\shared code\include_juce_graphics.obj
d:\projects\developer\auto-leveler\auto-leveler-juce-export\introjucer\builds\visualstudio2019\x64\debug\shared code\auto leveler_sharedcode.pdb
d:\projects\developer\auto-leveler\auto-leveler-juce-export\introjucer\builds\visualstudio2019\x64\debug\shared code\auto lev.53d15244.tlog\cl.10504.write.1.tlog
d:\projects\developer\auto-leveler\auto-leveler-juce-export\introjucer\builds\visualstudio2019\x64\debug\shared code\auto lev.53d15244.tlog\cl.command.1.tlog
d:\projects\developer\auto-leveler\auto-leveler-juce-export\introjucer\builds\visualstudio2019\x64\debug\shared code\auto lev.53d15244.tlog\cl.read.1.tlog
